2024-10-09 11:32:37,578 - ERROR - HTTP error occurred: 403 Client Error: Forbidden for url: https://ipapi.co/json/. status_code : 403 - connection_check.py:97
2024-10-09 11:32:37,578 - ERROR - Failed to retrieve IP data after multiple attempts - 1615483626.py:3
2024-10-09 11:32:37,579 - INFO - ----------------Internet FAILED the test------------------- - 1615483626.py:3
2024-10-09 11:33:16,675 - ERROR - HTTP error occurred: 403 Client Error: Forbidden for url: https://ipapi.co/json/. status_code : 403 - connection_check.py:97
2024-10-09 11:33:16,676 - ERROR - Failed to retrieve IP data after multiple attempts - 1615483626.py:3
2024-10-09 11:33:16,676 - INFO - ----------------Internet FAILED the test------------------- - 1615483626.py:3
2024-10-09 11:33:26,807 - ERROR - HTTP error occurred: 403 Client Error: Forbidden for url: https://ipapi.co/json/. status_code : 403 - connection_check.py:97
2024-10-09 11:33:26,808 - ERROR - Failed to retrieve IP data after multiple attempts - 1615483626.py:3
2024-10-09 11:33:26,808 - INFO - ----------------Internet FAILED the test------------------- - 1615483626.py:3
2024-10-09 11:34:02,380 - ERROR - HTTP error occurred: 403 Client Error: Forbidden for url: https://ipapi.co/json/. status_code : 403 - connection_check.py:97
2024-10-09 11:34:02,380 - ERROR - Failed to retrieve IP data after multiple attempts - 1615483626.py:3
2024-10-09 11:34:02,381 - INFO - ----------------Internet FAILED the test------------------- - 1615483626.py:3
2024-10-09 11:35:10,478 - ERROR - Error: HTTPSConnectionPool(host='ipapi.co', port=443): Max retries exceeded with url: /json/ (Caused by SSLError(SSLEOFError(8, '[SSL: UNEXPECTED_EOF_WHILE_READING] EOF occurred in violation of protocol (_ssl.c:1007)'))) - connection_check.py:97
2024-10-09 11:35:10,479 - ERROR - Failed to retrieve IP data after multiple attempts - 1615483626.py:3
2024-10-09 11:35:10,479 - INFO - ----------------Internet FAILED the test------------------- - 1615483626.py:3
2024-10-09 11:37:05,415 - ERROR - HTTP error occurred: 403 Client Error: Forbidden for url: https://ipapi.co/json/. status_code : 403 - connection_check.py:97
2024-10-09 11:37:05,415 - ERROR - Failed to retrieve IP data after multiple attempts - 1615483626.py:3
2024-10-09 11:37:05,416 - INFO - ----------------Internet FAILED the test------------------- - 1615483626.py:3
2024-10-09 11:38:19,619 - ERROR - HTTP error occurred: 403 Client Error: Forbidden for url: https://ipapi.co/json/. status_code : 403 - connection_check.py:97
2024-10-09 11:38:19,620 - ERROR - Failed to retrieve IP data after multiple attempts - 1615483626.py:3
2024-10-09 11:38:19,620 - INFO - ----------------Internet FAILED the test------------------- - 1615483626.py:3
2024-10-09 11:39:09,137 - ERROR - Error: HTTPSConnectionPool(host='ipapi.co', port=443): Max retries exceeded with url: /json/ (Caused by SSLError(SSLEOFError(8, '[SSL: UNEXPECTED_EOF_WHILE_READING] EOF occurred in violation of protocol (_ssl.c:1007)'))) - connection_check.py:97
2024-10-09 11:39:09,138 - ERROR - Failed to retrieve IP data after multiple attempts - 1615483626.py:3
2024-10-09 11:39:09,138 - INFO - ----------------Internet FAILED the test------------------- - 1615483626.py:3
2024-10-09 11:39:19,706 - ERROR - HTTP error occurred: 403 Client Error: Forbidden for url: https://ipapi.co/json/. status_code : 403 - connection_check.py:97
2024-10-09 11:39:19,707 - ERROR - Failed to retrieve IP data after multiple attempts - 1615483626.py:3
2024-10-09 11:39:19,708 - INFO - ----------------Internet FAILED the test------------------- - 1615483626.py:3
2024-10-09 11:39:22,906 - ERROR - HTTP error occurred: 403 Client Error: Forbidden for url: https://ipapi.co/json/. status_code : 403 - connection_check.py:97
2024-10-09 11:39:22,906 - ERROR - Failed to retrieve IP data after multiple attempts - 1615483626.py:3
2024-10-09 11:39:22,907 - INFO - ----------------Internet FAILED the test------------------- - 1615483626.py:3
2024-10-09 11:40:26,255 - ERROR - HTTP error occurred: 403 Client Error: Forbidden for url: https://ipapi.co/json/. status_code : 403 - connection_check.py:97
2024-10-09 11:40:26,256 - ERROR - Failed to retrieve IP data after multiple attempts - 1615483626.py:3
2024-10-09 11:40:26,256 - INFO - ----------------Internet FAILED the test------------------- - 1615483626.py:3
2024-10-09 11:47:07,525 - ERROR - HTTP error occurred: 403 Client Error: Forbidden for url: https://ipapi.co/json/. status_code : 403 - connection_check.py:97
2024-10-09 11:47:07,526 - ERROR - Failed to retrieve IP data after multiple attempts - 1615483626.py:3
2024-10-09 11:47:07,526 - INFO - ----------------Internet FAILED the test------------------- - 1615483626.py:3
2024-10-09 11:47:15,439 - INFO - IP: 140.245.105.118 - 1615483626.py:3
2024-10-09 11:47:15,440 - INFO - Country: Singapore - 1615483626.py:3
2024-10-09 11:47:15,440 - INFO - ----------------Internet PASSED the test------------------- - 1615483626.py:3
2024-10-09 11:47:56,224 - INFO - IP: 140.245.105.118 - 1484298673.py:3
2024-10-09 11:47:56,224 - INFO - Country: Singapore - 1484298673.py:3
2024-10-09 11:47:56,225 - INFO - ----------------Internet PASSED the test------------------- - 1484298673.py:3
2024-10-09 11:48:51,851 - INFO - IP: 140.245.105.118 - 1484298673.py:3
2024-10-09 11:48:51,852 - INFO - Country: Singapore - 1484298673.py:3
2024-10-09 11:48:51,853 - INFO - ----------------Internet PASSED the test------------------- - 1484298673.py:3
2024-10-09 11:52:56,018 - INFO - IP: 140.245.105.118 - 1484298673.py:3
2024-10-09 11:52:56,018 - INFO - Country: Singapore - 1484298673.py:3
2024-10-09 11:52:56,019 - INFO - ----------------Internet PASSED the test------------------- - 1484298673.py:3
2024-10-09 11:58:43,094 - INFO - IP: 140.245.105.118 - 1484298673.py:3
2024-10-09 11:58:43,094 - INFO - Country: Singapore - 1484298673.py:3
2024-10-09 11:58:43,095 - INFO - ----------------Internet PASSED the test------------------- - 1484298673.py:3
2024-10-09 12:28:02,993 - INFO - IP: 140.245.105.118 - 1484298673.py:3
2024-10-09 12:28:02,994 - INFO - Country: Singapore - 1484298673.py:3
2024-10-09 12:28:02,994 - INFO - ----------------Internet PASSED the test------------------- - 1484298673.py:3
2024-10-09 12:47:00,893 - INFO - IP: 140.245.105.118 - 1484298673.py:3
2024-10-09 12:47:00,893 - INFO - Country: Singapore - 1484298673.py:3
2024-10-09 12:47:00,894 - INFO - ----------------Internet PASSED the test------------------- - 1484298673.py:3
2024-10-10 10:00:54,691 - INFO - IP: 140.245.105.118 - 1484298673.py:3
2024-10-10 10:00:54,692 - INFO - Country: Singapore - 1484298673.py:3
2024-10-10 10:00:54,692 - INFO - ----------------Internet PASSED the test------------------- - 1484298673.py:3
2024-10-10 10:15:34,656 - INFO - IP: 140.245.105.118 - 1484298673.py:3
2024-10-10 10:15:34,657 - INFO - Country: Singapore - 1484298673.py:3
2024-10-10 10:15:34,658 - INFO - ----------------Internet PASSED the test------------------- - 1484298673.py:3
2024-10-10 10:19:16,096 - INFO - IP: 140.245.105.118 - 1484298673.py:3
2024-10-10 10:19:16,096 - INFO - Country: Singapore - 1484298673.py:3
2024-10-10 10:19:16,097 - INFO - ----------------Internet PASSED the test------------------- - 1484298673.py:3
2024-10-10 10:19:21,599 - INFO - IP: 140.245.105.118 - 1484298673.py:3
2024-10-10 10:19:21,600 - INFO - Country: Singapore - 1484298673.py:3
2024-10-10 10:19:21,600 - INFO - ----------------Internet PASSED the test------------------- - 1484298673.py:3
2024-10-10 10:19:41,601 - INFO - IP: 140.245.105.118 - 1484298673.py:3
2024-10-10 10:19:41,602 - INFO - Country: Singapore - 1484298673.py:3
2024-10-10 10:19:41,602 - INFO - ----------------Internet PASSED the test------------------- - 1484298673.py:3
2024-10-10 11:27:23,027 - INFO - IP: 140.245.105.118 - 1484298673.py:3
2024-10-10 11:27:23,027 - INFO - Country: Singapore - 1484298673.py:3
2024-10-10 11:27:23,028 - INFO - ----------------Internet PASSED the test------------------- - 1484298673.py:3
2024-10-10 11:27:29,647 - INFO - IP: 140.245.105.118 - 1484298673.py:3
2024-10-10 11:27:29,647 - INFO - Country: Singapore - 1484298673.py:3
2024-10-10 11:27:29,648 - INFO - ----------------Internet PASSED the test------------------- - 1484298673.py:3
2024-10-10 11:28:47,881 - ERROR - Error: HTTPSConnectionPool(host='ipapi.co', port=443): Max retries exceeded with url: /json/ (Caused by ProxyError('Unable to connect to proxy', SSLError(SSLEOFError(8, '[SSL: UNEXPECTED_EOF_WHILE_READING] EOF occurred in violation of protocol (_ssl.c:1007)')))) - connection_check.py:97
2024-10-10 11:28:47,882 - ERROR - Failed to retrieve IP data after multiple attempts - 1484298673.py:3
2024-10-10 11:28:47,882 - INFO - ----------------Internet FAILED the test------------------- - 1484298673.py:3
2024-10-10 11:28:51,308 - ERROR - Error: HTTPSConnectionPool(host='ipapi.co', port=443): Max retries exceeded with url: /json/ (Caused by ProxyError('Unable to connect to proxy', SSLError(SSLEOFError(8, '[SSL: UNEXPECTED_EOF_WHILE_READING] EOF occurred in violation of protocol (_ssl.c:1007)')))) - connection_check.py:97
2024-10-10 11:28:51,309 - ERROR - Failed to retrieve IP data after multiple attempts - 1484298673.py:3
2024-10-10 11:28:51,309 - INFO - ----------------Internet FAILED the test------------------- - 1484298673.py:3
2024-10-10 11:28:51,905 - ERROR - Error: HTTPSConnectionPool(host='ipapi.co', port=443): Max retries exceeded with url: /json/ (Caused by ProxyError('Unable to connect to proxy', SSLError(SSLEOFError(8, '[SSL: UNEXPECTED_EOF_WHILE_READING] EOF occurred in violation of protocol (_ssl.c:1007)')))) - connection_check.py:97
2024-10-10 11:28:51,906 - ERROR - Failed to retrieve IP data after multiple attempts - 1484298673.py:3
2024-10-10 11:28:51,906 - INFO - ----------------Internet FAILED the test------------------- - 1484298673.py:3
2024-10-10 11:28:52,575 - ERROR - Error: HTTPSConnectionPool(host='ipapi.co', port=443): Max retries exceeded with url: /json/ (Caused by ProxyError('Unable to connect to proxy', SSLError(SSLEOFError(8, '[SSL: UNEXPECTED_EOF_WHILE_READING] EOF occurred in violation of protocol (_ssl.c:1007)')))) - connection_check.py:97
2024-10-10 11:28:52,575 - ERROR - Failed to retrieve IP data after multiple attempts - 1484298673.py:3
2024-10-10 11:28:52,576 - INFO - ----------------Internet FAILED the test------------------- - 1484298673.py:3
2024-10-10 11:29:02,378 - ERROR - Error: HTTPSConnectionPool(host='ipapi.co', port=443): Max retries exceeded with url: /json/ (Caused by ProxyError('Unable to connect to proxy', SSLError(SSLEOFError(8, '[SSL: UNEXPECTED_EOF_WHILE_READING] EOF occurred in violation of protocol (_ssl.c:1007)')))) - connection_check.py:97
2024-10-10 11:29:02,378 - ERROR - Failed to retrieve IP data after multiple attempts - 1484298673.py:3
2024-10-10 11:29:02,379 - INFO - ----------------Internet FAILED the test------------------- - 1484298673.py:3
2024-10-10 11:29:07,915 - INFO - IP: 140.245.105.118 - 1484298673.py:3
2024-10-10 11:29:07,915 - INFO - Country: Singapore - 1484298673.py:3
2024-10-10 11:29:07,916 - INFO - ----------------Internet PASSED the test------------------- - 1484298673.py:3
2024-10-10 11:29:20,313 - ERROR - Error: HTTPSConnectionPool(host='ipapi.co', port=443): Max retries exceeded with url: /json/ (Caused by ProxyError('Unable to connect to proxy', SSLError(SSLEOFError(8, '[SSL: UNEXPECTED_EOF_WHILE_READING] EOF occurred in violation of protocol (_ssl.c:1007)')))) - connection_check.py:97
2024-10-10 11:29:20,314 - ERROR - Failed to retrieve IP data after multiple attempts - 1484298673.py:3
2024-10-10 11:29:20,314 - INFO - ----------------Internet FAILED the test------------------- - 1484298673.py:3
2024-10-10 11:29:36,891 - INFO - IP: 140.245.105.118 - 1484298673.py:3
2024-10-10 11:29:36,891 - INFO - Country: Singapore - 1484298673.py:3
2024-10-10 11:29:36,892 - INFO - ----------------Internet PASSED the test------------------- - 1484298673.py:3
2024-10-10 15:02:11,274 - INFO - IP: 140.245.105.118 - 1484298673.py:3
2024-10-10 15:02:11,275 - INFO - Country: Singapore - 1484298673.py:3
2024-10-10 15:02:11,275 - INFO - ----------------Internet PASSED the test------------------- - 1484298673.py:3
2024-10-10 15:02:18,796 - INFO - IP: 140.245.105.118 - 1484298673.py:3
2024-10-10 15:02:18,797 - INFO - Country: Singapore - 1484298673.py:3
2024-10-10 15:02:18,797 - INFO - ----------------Internet PASSED the test------------------- - 1484298673.py:3
